0 info it worked if it ends with ok
1 verbose cli [ '/home/mikel/.nvm/versions/node/v7.4.0/bin/node',
1 verbose cli   '/home/mikel/.nvm/versions/node/v7.4.0/bin/npm',
1 verbose cli   'run',
1 verbose cli   'watch' ]
2 info using npm@4.0.5
3 info using node@v7.4.0
4 verbose run-script [ 'prewatch', 'watch', 'postwatch' ]
5 info lifecycle node_mqtt@1.0.0~prewatch: node_mqtt@1.0.0
6 silly lifecycle node_mqtt@1.0.0~prewatch: no script for prewatch, continuing
7 info lifecycle node_mqtt@1.0.0~watch: node_mqtt@1.0.0
8 verbose lifecycle node_mqtt@1.0.0~watch: unsafe-perm in lifecycle true
9 verbose lifecycle node_mqtt@1.0.0~watch: PATH: /home/mikel/.nvm/versions/node/v7.4.0/lib/node_modules/npm/bin/node-gyp-bin:/home/mikel/workspace/OceansOfThings/IoT_Gateway/Repeater/node_modules/.bin:/home/mikel/.nvm/versions/node/v7.4.0/bin:/usr/local/sbin:/usr/local/bin:/usr/sbin:/usr/bin:/sbin:/bin:/usr/games:/usr/local/games:/snap/bin:/usr/lib/jvm/java-8-oracle/bin:/usr/lib/jvm/java-8-oracle/db/bin:/usr/lib/jvm/java-8-oracle/jre/bin:/home/mikel/rpi/tools/arm-bcm2708/gcc-linaro-arm-linux-gnueabihf-raspbian-x64/bin:/home/mikel/mongodb/mongodb-linux-x86_64-3.2.4/bin
10 verbose lifecycle node_mqtt@1.0.0~watch: CWD: /home/mikel/workspace/OceansOfThings/IoT_Gateway/Repeater
11 silly lifecycle node_mqtt@1.0.0~watch: Args: [ '-c', 'gulp watch' ]
12 silly lifecycle node_mqtt@1.0.0~watch: Returned: code: 1  signal: null
13 info lifecycle node_mqtt@1.0.0~watch: Failed to exec watch script
14 verbose stack Error: node_mqtt@1.0.0 watch: `gulp watch`
14 verbose stack Exit status 1
14 verbose stack     at EventEmitter.<anonymous> (/home/mikel/.nvm/versions/node/v7.4.0/lib/node_modules/npm/lib/utils/lifecycle.js:279:16)
14 verbose stack     at emitTwo (events.js:106:13)
14 verbose stack     at EventEmitter.emit (events.js:191:7)
14 verbose stack     at ChildProcess.<anonymous> (/home/mikel/.nvm/versions/node/v7.4.0/lib/node_modules/npm/lib/utils/spawn.js:40:14)
14 verbose stack     at emitTwo (events.js:106:13)
14 verbose stack     at ChildProcess.emit (events.js:191:7)
14 verbose stack     at maybeClose (internal/child_process.js:885:16)
14 verbose stack     at Process.ChildProcess._handle.onexit (internal/child_process.js:226:5)
15 verbose pkgid node_mqtt@1.0.0
16 verbose cwd /home/mikel/workspace/OceansOfThings/IoT_Gateway/Repeater
17 error Linux 4.4.0-72-generic
18 error argv "/home/mikel/.nvm/versions/node/v7.4.0/bin/node" "/home/mikel/.nvm/versions/node/v7.4.0/bin/npm" "run" "watch"
19 error node v7.4.0
20 error npm  v4.0.5
21 error code ELIFECYCLE
22 error node_mqtt@1.0.0 watch: `gulp watch`
22 error Exit status 1
23 error Failed at the node_mqtt@1.0.0 watch script 'gulp watch'.
23 error Make sure you have the latest version of node.js and npm installed.
23 error If you do, this is most likely a problem with the node_mqtt package,
23 error not with npm itself.
23 error Tell the author that this fails on your system:
23 error     gulp watch
23 error You can get information on how to open an issue for this project with:
23 error     npm bugs node_mqtt
23 error Or if that isn't available, you can get their info via:
23 error     npm owner ls node_mqtt
23 error There is likely additional logging output above.
24 verbose exit [ 1, true ]
